<?xml version="1.0" encoding="UTF-8"?>
<!-- Generated by org.testng.reporters.JUnitReportReporter -->
<testsuite name="tests.NewTest" tests="2" time="23.558" ignored="0" failures="0" timestamp="10 Jan 2017 09:10:16 GMT" skipped="0" hostname="lgvn14689" errors="0">
  <testcase name="testEasy" time="23.557" classname="tests.NewTest"/>
  <testcase name="f" time="0.001" classname="tests.NewTest"/>
</testsuite> <!-- tests.NewTest -->
